<?xml version="1.0" encoding="UTF-8"?>
<!-- Generated by org.testng.reporters.JUnitReportReporter -->
<testsuite hostname="DESKTOP-C8HK0GU" failures="0" tests="3" name="com.A2.testcases.BankTest" time="58.821" errors="0" timestamp="21 May 2018 05:40:12 GMT">
  <testcase classname="com.A2.testcases.BankTest" name="Banking" time="15.902"/>
  <testcase classname="com.A2.testcases.BankTest" name="openAccount" time="16.612"/>
  <testcase classname="com.A2.testcases.BankTest" name="addCustomerDetails" time="26.307"/>
</testsuite> <!-- com.A2.testcases.BankTest -->
