<?xml version="1.0" encoding="UTF-8"?>
<!-- Generated by org.testng.reporters.JUnitReportReporter -->
<testsuite hostname="DESKTOP-C8HK0GU" failures="0" tests="2" name="testcases.BankTest" time="41.180" errors="0" timestamp="14 May 2018 07:08:37 GMT">
  <testcase classname="testcases.BankTest" name="Banking" time="15.142"/>
  <testcase classname="testcases.BankTest" name="addCustomerDetails" time="26.038"/>
</testsuite> <!-- testcases.BankTest -->
